<?xml version="1.0" encoding="UTF-8"?><testsuite name="nosetests" tests="7" errors="0" failures="0" skip="0"><testcase classname="api.tests.unittest.test_flight_utils.FlightUtils" name="test_fare_breakup_template" time="0.032"></testcase><testcase classname="api.tests.unittest.test_flight_utils.FlightUtils" name="test_get_base_fare_breakup" time="0.031"></testcase><testcase classname="api.tests.unittest.test_flight_utils.FlightUtils" name="test_get_discount_breakup" time="0.035"></testcase><testcase classname="api.tests.unittest.test_flight_utils.FlightUtils" name="test_get_fare" time="0.037"></testcase><testcase classname="api.tests.unittest.test_flight_utils.FlightUtils" name="test_get_farebreakup_v2" time="0.033"></testcase><testcase classname="api.tests.unittest.test_flight_utils.FlightUtils" name="test_get_fee_and_surcharge_breakup" time="0.033"></testcase><testcase classname="api.tests.unittest.test_flight_utils.FlightUtils" name="test_set_markup" time="0.028"></testcase></testsuite>