<?xml version="1.0" encoding="UTF-8"?><testsuite name="nosetests" tests="8" errors="0" failures="1" skip="0"><testcase classname="api.tests.unittest.test_flight_utils.FlightUtils" name="test_failure" time="0.030"><failure type="builtins.AssertionError" message="0 != 1"><![CDATA[Traceback (most recent call last):
  File "/usr/local/python3/lib/python3.6/unittest/case.py", line 59, in testPartExecutor
    yield
  File "/usr/local/python3/lib/python3.6/unittest/case.py", line 601, in run
    testMethod()
  File "/usr/local/goibibo/hulk/api/tests/unittest/test_flight_utils.py", line 401, in test_failure
    self.assertEqual(0, 1)
  File "/usr/local/python3/lib/python3.6/unittest/case.py", line 821, in assertEqual
    assertion_func(first, second, msg=msg)
  File "/usr/local/python3/lib/python3.6/unittest/case.py", line 814, in _baseAssertEqual
    raise self.failureException(msg)
AssertionError: 0 != 1
]]></failure></testcase><testcase classname="api.tests.unittest.test_flight_utils.FlightUtils" name="test_fare_breakup_template" time="0.028"></testcase><testcase classname="api.tests.unittest.test_flight_utils.FlightUtils" name="test_get_base_fare_breakup" time="0.030"></testcase><testcase classname="api.tests.unittest.test_flight_utils.FlightUtils" name="test_get_discount_breakup" time="0.031"></testcase><testcase classname="api.tests.unittest.test_flight_utils.FlightUtils" name="test_get_fare" time="0.029"></testcase><testcase classname="api.tests.unittest.test_flight_utils.FlightUtils" name="test_get_farebreakup_v2" time="0.032"></testcase><testcase classname="api.tests.unittest.test_flight_utils.FlightUtils" name="test_get_fee_and_surcharge_breakup" time="0.031"></testcase><testcase classname="api.tests.unittest.test_flight_utils.FlightUtils" name="test_set_markup" time="0.028"></testcase></testsuite>